<?xml version="1.0" encoding="utf-8"?><testsuites name="pytest tests"><testsuite name="pytest" errors="0" failures="0" skipped="0" tests="11" time="46.543" timestamp="2026-05-02T13:25:46.992487+00:00" hostname="agent-env-7db4a214-a9f4-4c0f-ad89-2787f938b3dc"><testcase classname="tests.test_cot_api" name="test_health" time="0.269" /><testcase classname="tests.test_cot_api" name="test_assets_list" time="0.054" /><testcase classname="tests.test_cot_api" name="test_cot_gold_full_snapshot" time="0.060" /><testcase classname="tests.test_cot_api" name="test_cot_eurusd_with_ai_macro" time="0.050" /><testcase classname="tests.test_cot_api" name="test_cot_invalid_asset" time="0.053" /><testcase classname="tests.test_cot_api" name="test_cot_lowercase_asset_works" time="0.050" /><testcase classname="tests.test_cot_api" name="test_cot_bulk_core" time="0.064" /><testcase classname="tests.test_cot_api" name="test_cot_bulk_all" time="42.659" /><testcase classname="tests.test_cot_api" name="test_cot_history_gold" time="0.062" /><testcase classname="tests.test_cot_api" name="test_refresh_cache" time="0.054" /><testcase classname="tests.test_cot_api" name="test_cache_hit_is_fast" time="3.078" /></testsuite></testsuites>