<?xml version="1.0" encoding="utf-8"?><testsuites name="pytest tests"><testsuite name="pytest" errors="0" failures="1" skipped="1" tests="18" time="71.120" timestamp="2026-05-17T07:58:07.879182+00:00" hostname="agent-env-b4a8b6ad-c9d3-49e3-8d46-011ebe8642f5"><testcase classname="tests.test_auth_api.TestAuthFlow" name="test_register_valid_returns_user_and_sets_cookies" time="0.500" /><testcase classname="tests.test_auth_api.TestAuthFlow" name="test_register_duplicate_email_returns_409" time="0.378" /><testcase classname="tests.test_auth_api.TestAuthFlow" name="test_register_short_password_returns_422" time="0.122" /><testcase classname="tests.test_auth_api.TestAuthFlow" name="test_admin_login_returns_admin_role" time="0.367" /><testcase classname="tests.test_auth_api.TestAuthFlow" name="test_login_wrong_password_returns_401" time="0.682" /><testcase classname="tests.test_auth_api.TestAuthFlow" name="test_me_without_cookie_returns_401" time="0.106" /><testcase classname="tests.test_auth_api.TestAuthFlow" name="test_me_with_cookie_returns_user" time="0.475" /><testcase classname="tests.test_auth_api.TestAuthFlow" name="test_logout_clears_cookies" time="0.450" /><testcase classname="tests.test_auth_api.TestAuthFlow" name="test_refresh_with_valid_cookie_returns_200" time="0.392" /><testcase classname="tests.test_auth_api.TestAuthFlow" name="test_session_with_bogus_id_returns_401" time="0.260" /><testcase classname="tests.test_auth_api.TestAuthFlow" name="test_forgot_password_existing_email_returns_ok" time="0.432" /><testcase classname="tests.test_auth_api.TestFavorites" name="test_get_and_put_favorites" time="0.465" /><testcase classname="tests.test_auth_api.TestLockout" name="test_five_failed_admin_logins_lockout" time="2.306"><failure message="AssertionError: Expected 429 lockout, got [401, 401, 401, 401, 401, 401, 401]&#10;assert 429 in [401, 401, 401, 401, 401, 401, ...]">tests/test_auth_api.py:157: in test_five_failed_admin_logins_lockout
    assert 429 in codes, f"Expected 429 lockout, got {codes}"
E   AssertionError: Expected 429 lockout, got [401, 401, 401, 401, 401, 401, 401]
E   assert 429 in [401, 401, 401, 401, 401, 401, ...]</failure></testcase><testcase classname="tests.test_auth_api.TestRegression" name="test_assets_returns_18" time="0.116" /><testcase classname="tests.test_auth_api.TestRegression" name="test_cot_bulk_core_returns_7" time="0.105" /><testcase classname="tests.test_auth_api.TestRegression" name="test_macro_eurusd_returns_events" time="0.106" /><testcase classname="tests.test_auth_api.TestRateLimit" name="test_health_excluded_from_rate_limit" time="5.346" /><testcase classname="tests.test_auth_api.TestRateLimit" name="test_burst_eventually_429" time="58.391"><skipped type="pytest.xfail" message="Did not observe 429 in 160 reqs (codes sample [200, 200, 200, 200, 200]…[200, 200, 200, 200, 200]); possible multi-worker setup or per-request XFF rotation. Verify manually." /></testcase></testsuite></testsuites>