<?xml version="1.0" encoding="utf-8"?><testsuites name="pytest tests"><testsuite name="pytest" errors="0" failures="0" skipped="0" tests="21" time="12.441" timestamp="2026-05-07T20:24:07.263866+00:00" hostname="agent-env-e5d8561b-4cc5-40d3-acba-50a68087bce9"><testcase classname="tests.test_sentiment_api" name="test_sentiment_myfxbook_real[EURUSD]" time="1.184" /><testcase classname="tests.test_sentiment_api" name="test_sentiment_myfxbook_real[GBPUSD]" time="0.816" /><testcase classname="tests.test_sentiment_api" name="test_sentiment_myfxbook_real[GOLD]" time="0.904" /><testcase classname="tests.test_sentiment_api" name="test_sentiment_myfxbook_real[BTC]" time="0.683" /><testcase classname="tests.test_sentiment_api" name="test_sentiment_myfxbook_real[USDJPY]" time="0.706" /><testcase classname="tests.test_sentiment_api" name="test_sentiment_myfxbook_real[AUDUSD]" time="0.666" /><testcase classname="tests.test_sentiment_api" name="test_sentiment_myfxbook_real[USDCAD]" time="0.801" /><testcase classname="tests.test_sentiment_api" name="test_sentiment_price_history[EURUSD]" time="0.676" /><testcase classname="tests.test_sentiment_api" name="test_sentiment_price_history[GBPUSD]" time="0.711" /><testcase classname="tests.test_sentiment_api" name="test_sentiment_price_history[GOLD]" time="0.589" /><testcase classname="tests.test_sentiment_api" name="test_sentiment_price_history[BTC]" time="0.558" /><testcase classname="tests.test_sentiment_api" name="test_sentiment_price_history[USDJPY]" time="0.593" /><testcase classname="tests.test_sentiment_api" name="test_sentiment_price_history[AUDUSD]" time="0.617" /><testcase classname="tests.test_sentiment_api" name="test_sentiment_price_history[USDCAD]" time="0.585" /><testcase classname="tests.test_sentiment_api" name="test_sentiment_history_array[EURUSD]" time="0.719" /><testcase classname="tests.test_sentiment_api" name="test_sentiment_history_array[GOLD]" time="0.684" /><testcase classname="tests.test_sentiment_api" name="test_sentiment_history_array[GBPUSD]" time="0.582" /><testcase classname="tests.test_sentiment_api" name="test_options_chain[SP500]" time="0.068" /><testcase classname="tests.test_sentiment_api" name="test_options_chain[GOLD]" time="0.067" /><testcase classname="tests.test_sentiment_api" name="test_cot_eurusd_regression" time="0.075" /><testcase classname="tests.test_sentiment_api" name="test_final_verdict_eurusd" time="0.066" /></testsuite></testsuites>